{"C:\\React-91\\src\\components\\Contact.js": {"path":"C:\\React-91\\src\\components\\Contact.js","statementMap":{"0":{"start":{"line":1,"column":16},"end":{"line":25,"column":1}},"1":{"start":{"line":2,"column":2},"end":{"line":24,"column":4}}},"fnMap":{"0":{"name":"(anonymous_0)","decl":{"start":{"line":1,"column":16},"end":{"line":1,"column":17}},"loc":{"start":{"line":1,"column":22},"end":{"line":25,"column":1}},"line":1}},"branchMap":{},"s":{"0":1,"1":4},"f":{"0":4},"b":{},"_coverageSchema":"1a1c01bbd47fc00a2c39e90264f33305004495a9","hash":"026d9c353e9daa7aed8f06c835b066825e709ea2"}
,"C:\\React-91\\src\\components\\Header.js": {"path":"C:\\React-91\\src\\components\\Header.js","statementMap":{"0":{"start":{"line":8,"column":15},"end":{"line":84,"column":1}},"1":{"start":{"line":9,"column":32},"end":{"line":9,"column":49}},"2":{"start":{"line":10,"column":34},"end":{"line":10,"column":49}},"3":{"start":{"line":11,"column":23},"end":{"line":11,"column":40}},"4":{"start":{"line":17,"column":20},"end":{"line":17,"column":60}},"5":{"start":{"line":17,"column":43},"end":{"line":17,"column":59}},"6":{"start":{"line":18,"column":2},"end":{"line":18,"column":25}},"7":{"start":{"line":19,"column":19},"end":{"line":19,"column":32}},"8":{"start":{"line":21,"column":31},"end":{"line":21,"column":65}},"9":{"start":{"line":21,"column":54},"end":{"line":21,"column":64}},"10":{"start":{"line":23,"column":23},"end":{"line":25,"column":3}},"11":{"start":{"line":24,"column":4},"end":{"line":24,"column":23}},"12":{"start":{"line":27,"column":2},"end":{"line":83,"column":4}},"13":{"start":{"line":35,"column":10},"end":{"line":35,"column":33}}},"fnMap":{"0":{"name":"(anonymous_0)","decl":{"start":{"line":8,"column":15},"end":{"line":8,"column":16}},"loc":{"start":{"line":8,"column":21},"end":{"line":84,"column":1}},"line":8},"1":{"name":"(anonymous_1)","decl":{"start":{"line":17,"column":32},"end":{"line":17,"column":33}},"loc":{"start":{"line":17,"column":43},"end":{"line":17,"column":59}},"line":17},"2":{"name":"(anonymous_2)","decl":{"start":{"line":21,"column":43},"end":{"line":21,"column":44}},"loc":{"start":{"line":21,"column":54},"end":{"line":21,"column":64}},"line":21},"3":{"name":"(anonymous_3)","decl":{"start":{"line":23,"column":23},"end":{"line":23,"column":24}},"loc":{"start":{"line":23,"column":29},"end":{"line":25,"column":3}},"line":23},"4":{"name":"(anonymous_4)","decl":{"start":{"line":34,"column":17},"end":{"line":34,"column":18}},"loc":{"start":{"line":34,"column":23},"end":{"line":36,"column":9}},"line":34}},"branchMap":{"0":{"loc":{"start":{"line":38,"column":9},"end":{"line":38,"column":31}},"type":"cond-expr","locations":[{"start":{"line":38,"column":22},"end":{"line":38,"column":25}},{"start":{"line":38,"column":28},"end":{"line":38,"column":31}}],"line":38},"1":{"loc":{"start":{"line":66,"column":13},"end":{"line":74,"column":13}},"type":"cond-expr","locations":[{"start":{"line":67,"column":14},"end":{"line":69,"column":21}},{"start":{"line":71,"column":14},"end":{"line":73,"column":21}}],"line":66},"2":{"loc":{"start":{"line":76,"column":47},"end":{"line":76,"column":72}},"type":"cond-expr","locations":[{"start":{"line":76,"column":62},"end":{"line":76,"column":65}},{"start":{"line":76,"column":68},"end":{"line":76,"column":72}}],"line":76},"3":{"loc":{"start":{"line":78,"column":13},"end":{"line":78,"column":65}},"type":"cond-expr","locations":[{"start":{"line":78,"column":26},"end":{"line":78,"column":55}},{"start":{"line":78,"column":58},"end":{"line":78,"column":65}}],"line":78}},"s":{"0":1,"1":3,"2":3,"3":3,"4":3,"5":6,"6":3,"7":3,"8":3,"9":6,"10":3,"11":0,"12":3,"13":0},"f":{"0":3,"1":6,"2":6,"3":0,"4":0},"b":{"0":[0,3],"1":[0,3],"2":[3,0],"3":[0,3]},"_coverageSchema":"1a1c01bbd47fc00a2c39e90264f33305004495a9","hash":"03971920f0da919295d5bc7474f03567b85ee167"}
,"C:\\React-91\\src\\components\\sum.js": {"path":"C:\\React-91\\src\\components\\sum.js","statementMap":{"0":{"start":{"line":1,"column":18},"end":{"line":3,"column":1}},"1":{"start":{"line":2,"column":4},"end":{"line":2,"column":15}}},"fnMap":{"0":{"name":"(anonymous_0)","decl":{"start":{"line":1,"column":18},"end":{"line":1,"column":19}},"loc":{"start":{"line":1,"column":25},"end":{"line":3,"column":1}},"line":1}},"branchMap":{},"s":{"0":1,"1":1},"f":{"0":1},"b":{},"_coverageSchema":"1a1c01bbd47fc00a2c39e90264f33305004495a9","hash":"595f6fd2f532e4e78cda7db97c2a84b83ed550e3"}
,"C:\\React-91\\src\\utils\\UserContext.js": {"path":"C:\\React-91\\src\\utils\\UserContext.js","statementMap":{"0":{"start":{"line":3,"column":20},"end":{"line":5,"column":2}}},"fnMap":{},"branchMap":{},"s":{"0":1},"f":{},"b":{},"_coverageSchema":"1a1c01bbd47fc00a2c39e90264f33305004495a9","hash":"68ccde4fab3c38e1db1c189a705f7312a47b7b67"}
,"C:\\React-91\\src\\utils\\appStore.js": {"path":"C:\\React-91\\src\\utils\\appStore.js","statementMap":{"0":{"start":{"line":4,"column":17},"end":{"line":9,"column":2}}},"fnMap":{},"branchMap":{},"s":{"0":1},"f":{},"b":{},"_coverageSchema":"1a1c01bbd47fc00a2c39e90264f33305004495a9","hash":"cfab94bc57f55a5d11bac923b231d75c565b63e9"}
,"C:\\React-91\\src\\utils\\authSlice.js": {"path":"C:\\React-91\\src\\utils\\authSlice.js","statementMap":{"0":{"start":{"line":3,"column":18},"end":{"line":17,"column":2}},"1":{"start":{"line":11,"column":6},"end":{"line":11,"column":63}},"2":{"start":{"line":14,"column":6},"end":{"line":14,"column":54}},"3":{"start":{"line":18,"column":33},"end":{"line":18,"column":50}}},"fnMap":{"0":{"name":"(anonymous_0)","decl":{"start":{"line":10,"column":11},"end":{"line":10,"column":12}},"loc":{"start":{"line":10,"column":30},"end":{"line":12,"column":5}},"line":10},"1":{"name":"(anonymous_1)","decl":{"start":{"line":13,"column":12},"end":{"line":13,"column":13}},"loc":{"start":{"line":13,"column":23},"end":{"line":15,"column":5}},"line":13}},"branchMap":{},"s":{"0":1,"1":0,"2":0,"3":1},"f":{"0":0,"1":0},"b":{},"_coverageSchema":"1a1c01bbd47fc00a2c39e90264f33305004495a9","hash":"b4a91e29ec261cd320e993799c79468768b9f070"}
,"C:\\React-91\\src\\utils\\cartSlice.js": {"path":"C:\\React-91\\src\\utils\\cartSlice.js","statementMap":{"0":{"start":{"line":3,"column":18},"end":{"line":23,"column":2}},"1":{"start":{"line":11,"column":6},"end":{"line":11,"column":39}},"2":{"start":{"line":14,"column":6},"end":{"line":14,"column":24}},"3":{"start":{"line":17,"column":6},"end":{"line":17,"column":53}},"4":{"start":{"line":18,"column":6},"end":{"line":18,"column":29}},"5":{"start":{"line":25,"column":50},"end":{"line":25,"column":67}}},"fnMap":{"0":{"name":"(anonymous_0)","decl":{"start":{"line":9,"column":13},"end":{"line":9,"column":14}},"loc":{"start":{"line":9,"column":32},"end":{"line":12,"column":5}},"line":9},"1":{"name":"(anonymous_1)","decl":{"start":{"line":13,"column":16},"end":{"line":13,"column":17}},"loc":{"start":{"line":13,"column":27},"end":{"line":15,"column":5}},"line":13},"2":{"name":"(anonymous_2)","decl":{"start":{"line":16,"column":15},"end":{"line":16,"column":16}},"loc":{"start":{"line":16,"column":26},"end":{"line":21,"column":5}},"line":16}},"branchMap":{},"s":{"0":1,"1":0,"2":0,"3":0,"4":0,"5":1},"f":{"0":0,"1":0,"2":0},"b":{},"_coverageSchema":"1a1c01bbd47fc00a2c39e90264f33305004495a9","hash":"cebb530a83025cbaa685de5db45312a0db1f2883"}
,"C:\\React-91\\src\\utils\\constants.js": {"path":"C:\\React-91\\src\\utils\\constants.js","statementMap":{"0":{"start":{"line":2,"column":2},"end":{"line":2,"column":85}},"1":{"start":{"line":5,"column":2},"end":{"line":5,"column":92}},"2":{"start":{"line":8,"column":2},"end":{"line":8,"column":163}}},"fnMap":{},"branchMap":{},"s":{"0":1,"1":1,"2":1},"f":{},"b":{},"_coverageSchema":"1a1c01bbd47fc00a2c39e90264f33305004495a9","hash":"074aaa3357527ad3bfe3c69251ab47e93d5419ca"}
,"C:\\React-91\\src\\utils\\useOnlineStatus.js": {"path":"C:\\React-91\\src\\utils\\useOnlineStatus.js","statementMap":{"0":{"start":{"line":3,"column":24},"end":{"line":16,"column":1}},"1":{"start":{"line":5,"column":42},"end":{"line":5,"column":56}},"2":{"start":{"line":6,"column":2},"end":{"line":13,"column":9}},"3":{"start":{"line":7,"column":4},"end":{"line":9,"column":7}},"4":{"start":{"line":8,"column":6},"end":{"line":8,"column":29}},"5":{"start":{"line":10,"column":4},"end":{"line":12,"column":7}},"6":{"start":{"line":11,"column":6},"end":{"line":11,"column":28}},"7":{"start":{"line":15,"column":2},"end":{"line":15,"column":22}}},"fnMap":{"0":{"name":"(anonymous_0)","decl":{"start":{"line":3,"column":24},"end":{"line":3,"column":25}},"loc":{"start":{"line":3,"column":30},"end":{"line":16,"column":1}},"line":3},"1":{"name":"(anonymous_1)","decl":{"start":{"line":6,"column":12},"end":{"line":6,"column":13}},"loc":{"start":{"line":6,"column":18},"end":{"line":13,"column":3}},"line":6},"2":{"name":"(anonymous_2)","decl":{"start":{"line":7,"column":39},"end":{"line":7,"column":40}},"loc":{"start":{"line":7,"column":45},"end":{"line":9,"column":5}},"line":7},"3":{"name":"(anonymous_3)","decl":{"start":{"line":10,"column":38},"end":{"line":10,"column":39}},"loc":{"start":{"line":10,"column":44},"end":{"line":12,"column":5}},"line":10}},"branchMap":{},"s":{"0":1,"1":3,"2":3,"3":3,"4":0,"5":3,"6":0,"7":3},"f":{"0":3,"1":3,"2":0,"3":0},"b":{},"_coverageSchema":"1a1c01bbd47fc00a2c39e90264f33305004495a9","hash":"0cb2575f516f48ab4e7142f32030ade6a7b336d6"}
}
